<?xml version="1.0" encoding="UTF-8"?>
<!-- Generated by org.testng.reporters.JUnitReportReporter -->
<testsuite hostname="DESKTOP-S38R0BE" failures="0" tests="1" name="Day_011_Katalon_Recorder.TC01_Test2" time="11.500" errors="0" timestamp="2021-09-29T10:30:13 IST" skipped="0">
  <testcase classname="Day_011_Katalon_Recorder.TC01_Test2" name="TC01_Report_Test" time="11.500"/>
  <system-out/>
</testsuite> <!-- Day_011_Katalon_Recorder.TC01_Test2 -->
