<?xml version="1.0" encoding="UTF-8"?>
<!-- Generated by org.testng.reporters.JUnitReportReporter -->
<testsuite hostname="DESKTOP-S38R0BE" failures="0" tests="1" name="Day_004_Dropdown.Listbox2" time="218.018" errors="0" timestamp="2021-10-21T13:11:58 IST" skipped="0">
  <testcase classname="Day_004_Dropdown.Listbox2" name="Test1" time="218.018"/>
  <system-out/>
</testsuite> <!-- Day_004_Dropdown.Listbox2 -->
