<?xml version="1.0" encoding="UTF-8"?>
<!-- Generated by org.testng.reporters.JUnitReportReporter -->
<testsuite hostname="DESKTOP-S38R0BE" failures="0" tests="1" name="Day_019_Frames.FrameByIndex" time="9.486" errors="0" timestamp="2021-10-02T15:18:49 IST" skipped="0">
  <testcase classname="Day_019_Frames.FrameByIndex" name="Login_Test" time="9.486"/>
  <system-out/>
</testsuite> <!-- Day_019_Frames.FrameByIndex -->
