<?xml version="1.0" encoding="UTF-8"?>
<!-- Generated by org.testng.reporters.JUnitReportReporter -->
<testsuite hostname="DESKTOP-S38R0BE" failures="0" tests="1" name="Day_030_Page_Factory.TC01_Add_skills" time="21.096" errors="0" timestamp="2021-10-09T23:45:24 IST" skipped="0">
  <testcase classname="Day_030_Page_Factory.TC01_Add_skills" name="Book_OneWay_Flight" time="21.096"/>
  <system-out/>
</testsuite> <!-- Day_030_Page_Factory.TC01_Add_skills -->
