<?xml version="1.0" encoding="UTF-8"?>
<!-- Generated by org.testng.reporters.JUnitReportReporter -->
<testsuite hostname="DESKTOP-S38R0BE" failures="0" tests="1" name="Day_030_Page_Factory.TC01_Add_Nationalities" time="11.856" errors="0" timestamp="2021-10-09T21:37:08 IST" skipped="0">
  <testcase classname="Day_030_Page_Factory.TC01_Add_Nationalities" name="Book_OneWay_Flight" time="11.856"/>
  <system-out/>
</testsuite> <!-- Day_030_Page_Factory.TC01_Add_Nationalities -->
