<?xml version="1.0" encoding="UTF-8"?>
<!-- Generated by org.testng.reporters.JUnitReportReporter -->
<testsuite hostname="DESKTOP-S38R0BE" failures="0" tests="1" name="A1_Day01.TC01_Add_jobs_Methods_Static" time="19.490" errors="0" timestamp="2021-09-26T13:28:17 IST" skipped="0">
  <testcase classname="A1_Day01.TC01_Add_jobs_Methods_Static" name="Add_jobs_Test" time="19.490"/>
  <system-out/>
</testsuite> <!-- A1_Day01.TC01_Add_jobs_Methods_Static -->
