<?xml version="1.0" encoding="UTF-8"?>
<!-- Generated by org.testng.reporters.JUnitReportReporter -->
<testsuite hostname="DESKTOP-S38R0BE" failures="0" tests="2" name="Day_005_TestNG_DataProvider_Lab1.OrangeHRM_DataProvider_Lab1" time="51.957" errors="0" timestamp="2021-10-09T15:16:39 IST" skipped="0">
  <testcase classname="Day_005_TestNG_DataProvider_Lab1.OrangeHRM_DataProvider_Lab1" name="Test1" time="28.143"/>
  <system-out/>
  <testcase classname="Day_005_TestNG_DataProvider_Lab1.OrangeHRM_DataProvider_Lab1" name="Test1" time="23.814"/>
  <system-out/>
</testsuite> <!-- Day_005_TestNG_DataProvider_Lab1.OrangeHRM_DataProvider_Lab1 -->
