<?xml version="1.0" encoding="UTF-8"?>
<!-- Generated by org.testng.reporters.JUnitReportReporter -->
<testsuite hostname="DESKTOP-S38R0BE" failures="0" tests="1" name="A1_Day01.TC01_Add_jobs" time="21.108" errors="0" timestamp="2021-10-02T17:03:35 IST" skipped="0">
  <testcase classname="A1_Day01.TC01_Add_jobs" name="Add_jobs_Test" time="21.108"/>
  <system-out/>
</testsuite> <!-- A1_Day01.TC01_Add_jobs -->
