<?xml version="1.0" encoding="UTF-8"?>
<!-- Generated by org.testng.reporters.JUnitReportReporter -->
<testsuite hostname="DESKTOP-S38R0BE" failures="0" tests="1" name="Day_001_Demo.TC01_Login" time="14.710" errors="0" timestamp="2021-09-23T21:14:51 IST" skipped="0">
  <testcase classname="Day_001_Demo.TC01_Login" name="login_test" time="14.710"/>
  <system-out/>
</testsuite> <!-- Day_001_Demo.TC01_Login -->
