<?xml version="1.0" encoding="UTF-8"?>
<!-- Generated by org.testng.reporters.JUnitReportReporter -->
<testsuite hostname="DESKTOP-S38R0BE" failures="0" tests="1" name="Day_028_WebTable_Examples.TC01_Add_Nationalities" time="26.020" errors="0" timestamp="2021-10-11T22:52:36 IST" skipped="0">
  <testcase classname="Day_028_WebTable_Examples.TC01_Add_Nationalities" name="TC01_Nationality" time="26.020"/>
  <system-out/>
</testsuite> <!-- Day_028_WebTable_Examples.TC01_Add_Nationalities -->
