<?xml version="1.0" encoding="UTF-8"?>
<!-- Generated by org.testng.reporters.JUnitReportReporter -->
<testsuite hostname="DESKTOP-S38R0BE" failures="0" tests="1" name="Day_029_PageObjectModel.TC01_Add_Nationalities" time="12.712" errors="0" timestamp="2021-10-05T17:06:52 IST" skipped="0">
  <testcase classname="Day_029_PageObjectModel.TC01_Add_Nationalities" name="Book_OneWay_Flight" time="12.712"/>
  <system-out/>
</testsuite> <!-- Day_029_PageObjectModel.TC01_Add_Nationalities -->
