<?xml version="1.0" encoding="UTF-8"?>
<!-- Generated by org.testng.reporters.JUnitReportReporter -->
<testsuite hostname="DESKTOP-S38R0BE" failures="0" tests="1" name="Day_028_WebTable_Examples.Exportjobs" time="26.024" errors="0" timestamp="2021-10-12T12:10:37 IST" skipped="0">
  <testcase classname="Day_028_WebTable_Examples.Exportjobs" name="ExportAlljobs" time="26.024"/>
  <system-out/>
</testsuite> <!-- Day_028_WebTable_Examples.Exportjobs -->
