<?xml version="1.0" encoding="UTF-8"?>
<!-- Generated by org.testng.reporters.JUnitReportReporter -->
<testsuite hostname="DESKTOP-S38R0BE" failures="0" tests="1" name="AAA_Day1.Test2_Login" time="18.191" errors="0" timestamp="2021-09-23T11:01:19 IST" skipped="0">
  <testcase classname="AAA_Day1.Test2_Login" name="LoginTest" time="18.191"/>
  <system-out/>
</testsuite> <!-- AAA_Day1.Test2_Login -->
